Java HotSpot(TM) 64-Bit Server VM warning: ignoring option MaxPermSize=512M; support was removed in 8.0
[INFO] Scanning for projects...
[INFO]                                                                         
[INFO] ------------------------------------------------------------------------
[INFO] Building Spark Launcher Project 1.4.0-SNAPSHOT
[INFO] ------------------------------------------------------------------------
[INFO] 
[INFO] --- maven-enforcer-plugin:1.4:enforce (enforce-versions) @ spark-launcher_2.10 ---
[INFO] 
[INFO] --- scala-maven-plugin:3.2.0:add-source (eclipse-add-source) @ spark-launcher_2.10 ---
[INFO] Add Source directory: /Users/jeromenilmeier/Documents/spark_28may2015/spark/launcher/src/main/scala
[INFO] Add Test Source directory: /Users/jeromenilmeier/Documents/spark_28may2015/spark/launcher/src/test/scala
[INFO] 
[INFO] --- build-helper-maven-plugin:1.9.1:add-source (add-scala-sources) @ spark-launcher_2.10 ---
[INFO] Source directory: /Users/jeromenilmeier/Documents/spark_28may2015/spark/launcher/src/main/scala added.
[INFO] 
[INFO] --- maven-remote-resources-plugin:1.5:process (default) @ spark-launcher_2.10 ---
[INFO] 
[INFO] --- maven-resources-plugin:2.6:resources (default-resources) @ spark-launcher_2.10 ---
[INFO] Using 'UTF-8' encoding to copy filtered resources.
[INFO] skip non existing resourceDirectory /Users/jeromenilmeier/Documents/spark_28may2015/spark/launcher/src/main/resources
[INFO] Copying 3 resources
[INFO] 
[INFO] --- scala-maven-plugin:3.2.0:compile (scala-compile-first) @ spark-launcher_2.10 ---
[INFO] Using zinc server for incremental compilation
[INFO] compiler plugin: BasicArtifact(org.scalamacros,paradise_2.10.4,2.0.1,null)
[0m[[0minfo[0m] [0mCompiling 8 Java sources to /Users/jeromenilmeier/Documents/spark_28may2015/spark/launcher/target/scala-2.10/classes...[0m
[0m[[33mwarn[0m] [0mwarning: [options] bootstrap class path not set in conjunction with -source 1.6[0m
[0m[[33mwarn[0m] [0m1 warning[0m
[0m[[0minfo[0m] [0mCompile success at Jun 1, 2015 10:06:48 AM [1.450s][0m
[INFO] 
[INFO] --- maven-compiler-plugin:3.3:compile (default-compile) @ spark-launcher_2.10 ---
[INFO] Changes detected - recompiling the module!
[INFO] Compiling 8 source files to /Users/jeromenilmeier/Documents/spark_28may2015/spark/launcher/target/scala-2.10/classes
[INFO] 
[INFO] --- build-helper-maven-plugin:1.9.1:add-test-source (add-scala-test-sources) @ spark-launcher_2.10 ---
[INFO] Test Source directory: /Users/jeromenilmeier/Documents/spark_28may2015/spark/launcher/src/test/scala added.
[INFO] 
[INFO] --- maven-resources-plugin:2.6:testResources (default-testResources) @ spark-launcher_2.10 ---
[INFO] Using 'UTF-8' encoding to copy filtered resources.
[INFO] Copying 1 resource
[INFO] Copying 3 resources
[INFO] 
[INFO] --- scala-maven-plugin:3.2.0:testCompile (scala-test-compile-first) @ spark-launcher_2.10 ---
[INFO] Using zinc server for incremental compilation
[INFO] compiler plugin: BasicArtifact(org.scalamacros,paradise_2.10.4,2.0.1,null)
[0m[[0minfo[0m] [0mCompile success at Jun 1, 2015 10:06:50 AM [0.116s][0m
[INFO] 
[INFO] --- maven-compiler-plugin:3.3:testCompile (default-testCompile) @ spark-launcher_2.10 ---
[INFO] Nothing to compile - all classes are up to date
[INFO] 
[INFO] --- maven-dependency-plugin:2.10:build-classpath (default) @ spark-launcher_2.10 ---
[INFO] Skipped writing classpath file '/Users/jeromenilmeier/Documents/spark_28may2015/spark/launcher/target/spark-test-classpath.txt'.  No changes found.
[INFO] 
[INFO] --- gmavenplus-plugin:1.5:execute (default) @ spark-launcher_2.10 ---
[INFO] Using Groovy 2.3.7 to perform execute.
[INFO] 
[INFO] --- maven-surefire-plugin:2.18.1:test (default-test) @ spark-launcher_2.10 ---
[INFO] Surefire report directory: /Users/jeromenilmeier/Documents/spark_28may2015/spark/launcher/target/surefire-reports

-------------------------------------------------------
 T E S T S
-------------------------------------------------------
Java HotSpot(TM) 64-Bit Server VM warning: ignoring option MaxPermSize=512m; support was removed in 8.0
Running org.apache.spark.launcher.CommandBuilderUtilsSuite
Tests run: 4, Failures: 0, Errors: 0, Skipped: 0, Time elapsed: 0.002 sec - in org.apache.spark.launcher.CommandBuilderUtilsSuite
Running org.apache.spark.launcher.SparkLauncherSuite
Tests run: 1, Failures: 0, Errors: 0, Skipped: 0, Time elapsed: 1.072 sec - in org.apache.spark.launcher.SparkLauncherSuite
Running org.apache.spark.launcher.SparkSubmitCommandBuilderSuite
Tests run: 7, Failures: 0, Errors: 0, Skipped: 0, Time elapsed: 0.018 sec - in org.apache.spark.launcher.SparkSubmitCommandBuilderSuite
Running org.apache.spark.launcher.SparkSubmitOptionParserSuite
Tests run: 4, Failures: 0, Errors: 0, Skipped: 0, Time elapsed: 0.12 sec - in org.apache.spark.launcher.SparkSubmitOptionParserSuite

Results :

Tests run: 16, Failures: 0, Errors: 0, Skipped: 0

[INFO] 
[INFO] --- scalatest-maven-plugin:1.0:test (test) @ spark-launcher_2.10 ---
Java HotSpot(TM) 64-Bit Server VM warning: ignoring option MaxPermSize=512m; support was removed in 8.0
[36mDiscovery starting.[0m
[36mDiscovery completed in 46 milliseconds.[0m
[36mRun starting. Expected test count is: 0[0m
[32mDiscoverySuite:[0m
[36mRun completed in 103 milliseconds.[0m
[36mTotal number of tests run: 0[0m
[36mSuites: completed 1, aborted 0[0m
[36mTests: succeeded 0, failed 0, canceled 0, ignored 0, pending 0[0m
[33mNo tests were executed.[0m
[INFO] ------------------------------------------------------------------------
[INFO] BUILD SUCCESS
[INFO] ------------------------------------------------------------------------
[INFO] Total time: 9.400 s
[INFO] Finished at: 2015-06-01T10:06:53-07:00
[INFO] Final Memory: 46M/840M
[INFO] ------------------------------------------------------------------------
