Java HotSpot(TM) 64-Bit Server VM warning: ignoring option MaxPermSize=512M; support was removed in 8.0
[INFO] Scanning for projects...
[INFO]                                                                         
[INFO] ------------------------------------------------------------------------
[INFO] Building Spark Project Networking 1.4.0-SNAPSHOT
[INFO] ------------------------------------------------------------------------
[INFO] 
[INFO] --- maven-enforcer-plugin:1.4:enforce (enforce-versions) @ spark-network-common_2.10 ---
[INFO] 
[INFO] --- scala-maven-plugin:3.2.0:add-source (eclipse-add-source) @ spark-network-common_2.10 ---
[INFO] Add Source directory: /Users/jeromenilmeier/Documents/spark_28may2015/spark/network/common/src/main/scala
[INFO] Add Test Source directory: /Users/jeromenilmeier/Documents/spark_28may2015/spark/network/common/src/test/scala
[INFO] 
[INFO] --- build-helper-maven-plugin:1.9.1:add-source (add-scala-sources) @ spark-network-common_2.10 ---
[INFO] Source directory: /Users/jeromenilmeier/Documents/spark_28may2015/spark/network/common/src/main/scala added.
[INFO] 
[INFO] --- maven-remote-resources-plugin:1.5:process (default) @ spark-network-common_2.10 ---
[INFO] 
[INFO] --- maven-resources-plugin:2.6:resources (default-resources) @ spark-network-common_2.10 ---
[INFO] Using 'UTF-8' encoding to copy filtered resources.
[INFO] skip non existing resourceDirectory /Users/jeromenilmeier/Documents/spark_28may2015/spark/network/common/src/main/resources
[INFO] Copying 3 resources
[INFO] 
[INFO] --- scala-maven-plugin:3.2.0:compile (scala-compile-first) @ spark-network-common_2.10 ---
[INFO] Using zinc server for incremental compilation
[INFO] compiler plugin: BasicArtifact(org.scalamacros,paradise_2.10.4,2.0.1,null)
[0m[[0minfo[0m] [0mCompiling 56 Java sources to /Users/jeromenilmeier/Documents/spark_28may2015/spark/network/common/target/scala-2.10/classes...[0m
[0m[[33mwarn[0m] [0mwarning: [options] bootstrap class path not set in conjunction with -source 1.6[0m
[0m[[33mwarn[0m] [0m1 warning[0m
[0m[[0minfo[0m] [0mCompile success at May 29, 2015 8:44:49 PM [2.069s][0m
[INFO] 
[INFO] --- maven-compiler-plugin:3.3:compile (default-compile) @ spark-network-common_2.10 ---
[INFO] Nothing to compile - all classes are up to date
[INFO] 
[INFO] --- build-helper-maven-plugin:1.9.1:add-test-source (add-scala-test-sources) @ spark-network-common_2.10 ---
[INFO] Test Source directory: /Users/jeromenilmeier/Documents/spark_28may2015/spark/network/common/src/test/scala added.
[INFO] 
[INFO] --- maven-resources-plugin:2.6:testResources (default-testResources) @ spark-network-common_2.10 ---
[INFO] Using 'UTF-8' encoding to copy filtered resources.
[INFO] Copying 1 resource
[INFO] Copying 3 resources
[INFO] 
[INFO] --- scala-maven-plugin:3.2.0:testCompile (scala-test-compile-first) @ spark-network-common_2.10 ---
[INFO] Using zinc server for incremental compilation
[INFO] compiler plugin: BasicArtifact(org.scalamacros,paradise_2.10.4,2.0.1,null)
[0m[[0minfo[0m] [0mCompiling 10 Java sources to /Users/jeromenilmeier/Documents/spark_28may2015/spark/network/common/target/scala-2.10/test-classes...[0m
[0m[[33mwarn[0m] [0mwarning: [options] bootstrap class path not set in conjunction with -source 1.6[0m
[0m[[33mwarn[0m] [0mNote: /Users/jeromenilmeier/Documents/spark_28may2015/spark/network/common/src/test/java/org/apache/spark/network/sasl/SparkSaslSuite.java uses unchecked or unsafe operations.[0m
[0m[[33mwarn[0m] [0mNote: Recompile with -Xlint:unchecked for details.[0m
[0m[[33mwarn[0m] [0m1 warning[0m
[0m[[0minfo[0m] [0mCompile success at May 29, 2015 8:44:51 PM [1.174s][0m
[INFO] 
[INFO] --- maven-compiler-plugin:3.3:testCompile (default-testCompile) @ spark-network-common_2.10 ---
[INFO] Nothing to compile - all classes are up to date
[INFO] 
[INFO] --- maven-dependency-plugin:2.10:build-classpath (default) @ spark-network-common_2.10 ---
[INFO] Skipped writing classpath file '/Users/jeromenilmeier/Documents/spark_28may2015/spark/network/common/target/spark-test-classpath.txt'.  No changes found.
[INFO] 
[INFO] --- maven-jar-plugin:2.6:test-jar (test-jar-on-test-compile) @ spark-network-common_2.10 ---
[INFO] Building jar: /Users/jeromenilmeier/Documents/spark_28may2015/spark/network/common/target/spark-network-common_2.10-1.4.0-SNAPSHOT-tests.jar
[INFO] 
[INFO] --- gmavenplus-plugin:1.5:execute (default) @ spark-network-common_2.10 ---
[INFO] Using Groovy 2.3.7 to perform execute.
[INFO] 
[INFO] --- maven-surefire-plugin:2.18.1:test (default-test) @ spark-network-common_2.10 ---
[INFO] Surefire report directory: /Users/jeromenilmeier/Documents/spark_28may2015/spark/network/common/target/surefire-reports

-------------------------------------------------------
 T E S T S
-------------------------------------------------------
Java HotSpot(TM) 64-Bit Server VM warning: ignoring option MaxPermSize=512m; support was removed in 8.0
Running org.apache.spark.network.ChunkFetchIntegrationSuite
Tests run: 5, Failures: 0, Errors: 0, Skipped: 0, Time elapsed: 0.435 sec - in org.apache.spark.network.ChunkFetchIntegrationSuite
Running org.apache.spark.network.protocol.MessageWithHeaderSuite
Tests run: 3, Failures: 0, Errors: 0, Skipped: 0, Time elapsed: 0 sec - in org.apache.spark.network.protocol.MessageWithHeaderSuite
Running org.apache.spark.network.ProtocolSuite
Tests run: 2, Failures: 0, Errors: 0, Skipped: 0, Time elapsed: 0.001 sec - in org.apache.spark.network.ProtocolSuite
Running org.apache.spark.network.RequestTimeoutIntegrationSuite
Tests run: 3, Failures: 0, Errors: 0, Skipped: 0, Time elapsed: 7.428 sec - in org.apache.spark.network.RequestTimeoutIntegrationSuite
Running org.apache.spark.network.RpcIntegrationSuite
Tests run: 6, Failures: 0, Errors: 0, Skipped: 0, Time elapsed: 0.243 sec - in org.apache.spark.network.RpcIntegrationSuite
Running org.apache.spark.network.sasl.SparkSaslSuite
Tests run: 9, Failures: 0, Errors: 0, Skipped: 0, Time elapsed: 0.38 sec - in org.apache.spark.network.sasl.SparkSaslSuite
Running org.apache.spark.network.TransportClientFactorySuite
Tests run: 5, Failures: 0, Errors: 0, Skipped: 0, Time elapsed: 0.296 sec - in org.apache.spark.network.TransportClientFactorySuite
Running org.apache.spark.network.TransportResponseHandlerSuite
Tests run: 5, Failures: 0, Errors: 0, Skipped: 0, Time elapsed: 0.006 sec - in org.apache.spark.network.TransportResponseHandlerSuite

Results :

Tests run: 38, Failures: 0, Errors: 0, Skipped: 0

[INFO] 
[INFO] --- scalatest-maven-plugin:1.0:test (test) @ spark-network-common_2.10 ---
Java HotSpot(TM) 64-Bit Server VM warning: ignoring option MaxPermSize=512m; support was removed in 8.0
[36mDiscovery starting.[0m
[36mDiscovery completed in 78 milliseconds.[0m
[36mRun starting. Expected test count is: 0[0m
[32mDiscoverySuite:[0m
[36mRun completed in 124 milliseconds.[0m
[36mTotal number of tests run: 0[0m
[36mSuites: completed 1, aborted 0[0m
[36mTests: succeeded 0, failed 0, canceled 0, ignored 0, pending 0[0m
[33mNo tests were executed.[0m
[INFO] ------------------------------------------------------------------------
[INFO] BUILD SUCCESS
[INFO] ------------------------------------------------------------------------
[INFO] Total time: 16.601 s
[INFO] Finished at: 2015-05-29T20:45:02-07:00
[INFO] Final Memory: 38M/585M
[INFO] ------------------------------------------------------------------------
