Java HotSpot(TM) 64-Bit Server VM warning: ignoring option MaxPermSize=512M; support was removed in 8.0
[INFO] Scanning for projects...
[INFO]                                                                         
[INFO] ------------------------------------------------------------------------
[INFO] Building Spark Project Shuffle Streaming Service 1.4.0-SNAPSHOT
[INFO] ------------------------------------------------------------------------
[INFO] 
[INFO] --- maven-enforcer-plugin:1.4:enforce (enforce-versions) @ spark-network-shuffle_2.10 ---
[INFO] 
[INFO] --- scala-maven-plugin:3.2.0:add-source (eclipse-add-source) @ spark-network-shuffle_2.10 ---
[INFO] Add Source directory: /Users/jeromenilmeier/Documents/spark_28may2015/spark/network/shuffle/src/main/scala
[INFO] Add Test Source directory: /Users/jeromenilmeier/Documents/spark_28may2015/spark/network/shuffle/src/test/scala
[INFO] 
[INFO] --- build-helper-maven-plugin:1.9.1:add-source (add-scala-sources) @ spark-network-shuffle_2.10 ---
[INFO] Source directory: /Users/jeromenilmeier/Documents/spark_28may2015/spark/network/shuffle/src/main/scala added.
[INFO] 
[INFO] --- maven-remote-resources-plugin:1.5:process (default) @ spark-network-shuffle_2.10 ---
[INFO] 
[INFO] --- maven-resources-plugin:2.6:resources (default-resources) @ spark-network-shuffle_2.10 ---
[INFO] Using 'UTF-8' encoding to copy filtered resources.
[INFO] skip non existing resourceDirectory /Users/jeromenilmeier/Documents/spark_28may2015/spark/network/shuffle/src/main/resources
[INFO] Copying 3 resources
[INFO] 
[INFO] --- scala-maven-plugin:3.2.0:compile (scala-compile-first) @ spark-network-shuffle_2.10 ---
[INFO] Using zinc server for incremental compilation
[INFO] compiler plugin: BasicArtifact(org.scalamacros,paradise_2.10.4,2.0.1,null)
[0m[[0minfo[0m] [0mCompiling 14 Java sources to /Users/jeromenilmeier/Documents/spark_28may2015/spark/network/shuffle/target/scala-2.10/classes...[0m
[0m[[33mwarn[0m] [0mwarning: [options] bootstrap class path not set in conjunction with -source 1.6[0m
[0m[[33mwarn[0m] [0m1 warning[0m
[0m[[0minfo[0m] [0mCompile success at May 29, 2015 8:45:07 PM [1.484s][0m
[INFO] 
[INFO] --- maven-compiler-plugin:3.3:compile (default-compile) @ spark-network-shuffle_2.10 ---
[INFO] Nothing to compile - all classes are up to date
[INFO] 
[INFO] --- build-helper-maven-plugin:1.9.1:add-test-source (add-scala-test-sources) @ spark-network-shuffle_2.10 ---
[INFO] Test Source directory: /Users/jeromenilmeier/Documents/spark_28may2015/spark/network/shuffle/src/test/scala added.
[INFO] 
[INFO] --- maven-resources-plugin:2.6:testResources (default-testResources) @ spark-network-shuffle_2.10 ---
[INFO] Using 'UTF-8' encoding to copy filtered resources.
[INFO] skip non existing resourceDirectory /Users/jeromenilmeier/Documents/spark_28may2015/spark/network/shuffle/src/test/resources
[INFO] Copying 3 resources
[INFO] 
[INFO] --- scala-maven-plugin:3.2.0:testCompile (scala-test-compile-first) @ spark-network-shuffle_2.10 ---
[INFO] Using zinc server for incremental compilation
[INFO] compiler plugin: BasicArtifact(org.scalamacros,paradise_2.10.4,2.0.1,null)
[0m[[0minfo[0m] [0mCompiling 10 Java sources to /Users/jeromenilmeier/Documents/spark_28may2015/spark/network/shuffle/target/scala-2.10/test-classes...[0m
[0m[[33mwarn[0m] [0mwarning: [options] bootstrap class path not set in conjunction with -source 1.6[0m
[0m[[33mwarn[0m] [0m1 warning[0m
[0m[[0minfo[0m] [0mCompile success at May 29, 2015 8:45:08 PM [1.094s][0m
[INFO] 
[INFO] --- maven-compiler-plugin:3.3:testCompile (default-testCompile) @ spark-network-shuffle_2.10 ---
[INFO] Nothing to compile - all classes are up to date
[INFO] 
[INFO] --- maven-dependency-plugin:2.10:build-classpath (default) @ spark-network-shuffle_2.10 ---
[INFO] Wrote classpath file '/Users/jeromenilmeier/Documents/spark_28may2015/spark/network/shuffle/target/spark-test-classpath.txt'.
[INFO] 
[INFO] --- gmavenplus-plugin:1.5:execute (default) @ spark-network-shuffle_2.10 ---
[INFO] Using Groovy 2.3.7 to perform execute.
[INFO] 
[INFO] --- maven-surefire-plugin:2.18.1:test (default-test) @ spark-network-shuffle_2.10 ---
[INFO] Surefire report directory: /Users/jeromenilmeier/Documents/spark_28may2015/spark/network/shuffle/target/surefire-reports

-------------------------------------------------------
 T E S T S
-------------------------------------------------------
Java HotSpot(TM) 64-Bit Server VM warning: ignoring option MaxPermSize=512m; support was removed in 8.0
Running org.apache.spark.network.sasl.SaslIntegrationSuite
SLF4J: Failed to load class "org.slf4j.impl.StaticLoggerBinder".
SLF4J: Defaulting to no-operation (NOP) logger implementation
SLF4J: See http://www.slf4j.org/codes.html#StaticLoggerBinder for further details.
Tests run: 4, Failures: 0, Errors: 0, Skipped: 0, Time elapsed: 0.509 sec - in org.apache.spark.network.sasl.SaslIntegrationSuite
Running org.apache.spark.network.shuffle.BlockTransferMessagesSuite
Tests run: 1, Failures: 0, Errors: 0, Skipped: 0, Time elapsed: 0 sec - in org.apache.spark.network.shuffle.BlockTransferMessagesSuite
Running org.apache.spark.network.shuffle.ExternalShuffleBlockHandlerSuite
Tests run: 3, Failures: 0, Errors: 0, Skipped: 0, Time elapsed: 0.097 sec - in org.apache.spark.network.shuffle.ExternalShuffleBlockHandlerSuite
Running org.apache.spark.network.shuffle.ExternalShuffleBlockResolverSuite
Tests run: 3, Failures: 0, Errors: 0, Skipped: 0, Time elapsed: 0.019 sec - in org.apache.spark.network.shuffle.ExternalShuffleBlockResolverSuite
Running org.apache.spark.network.shuffle.ExternalShuffleCleanupSuite
Tests run: 4, Failures: 0, Errors: 0, Skipped: 0, Time elapsed: 0.055 sec - in org.apache.spark.network.shuffle.ExternalShuffleCleanupSuite
Running org.apache.spark.network.shuffle.ExternalShuffleIntegrationSuite
Tests run: 10, Failures: 0, Errors: 0, Skipped: 0, Time elapsed: 0.67 sec - in org.apache.spark.network.shuffle.ExternalShuffleIntegrationSuite
Running org.apache.spark.network.shuffle.ExternalShuffleSecuritySuite
Tests run: 4, Failures: 0, Errors: 0, Skipped: 0, Time elapsed: 0.17 sec - in org.apache.spark.network.shuffle.ExternalShuffleSecuritySuite
Running org.apache.spark.network.shuffle.OneForOneBlockFetcherSuite
Tests run: 5, Failures: 0, Errors: 0, Skipped: 0, Time elapsed: 0.006 sec - in org.apache.spark.network.shuffle.OneForOneBlockFetcherSuite
Running org.apache.spark.network.shuffle.RetryingBlockFetcherSuite
Tests run: 7, Failures: 0, Errors: 0, Skipped: 0, Time elapsed: 0.086 sec - in org.apache.spark.network.shuffle.RetryingBlockFetcherSuite

Results :

Tests run: 41, Failures: 0, Errors: 0, Skipped: 0

[INFO] 
[INFO] --- scalatest-maven-plugin:1.0:test (test) @ spark-network-shuffle_2.10 ---
Java HotSpot(TM) 64-Bit Server VM warning: ignoring option MaxPermSize=512m; support was removed in 8.0
[36mDiscovery starting.[0m
[36mDiscovery completed in 50 milliseconds.[0m
[36mRun starting. Expected test count is: 0[0m
[32mDiscoverySuite:[0m
[36mRun completed in 105 milliseconds.[0m
[36mTotal number of tests run: 0[0m
[36mSuites: completed 1, aborted 0[0m
[36mTests: succeeded 0, failed 0, canceled 0, ignored 0, pending 0[0m
[33mNo tests were executed.[0m
[INFO] ------------------------------------------------------------------------
[INFO] BUILD SUCCESS
[INFO] ------------------------------------------------------------------------
[INFO] Total time: 8.337 s
[INFO] Finished at: 2015-05-29T20:45:12-07:00
[INFO] Final Memory: 37M/588M
[INFO] ------------------------------------------------------------------------
