Java HotSpot(TM) 64-Bit Server VM warning: ignoring option MaxPermSize=512M; support was removed in 8.0
[INFO] Scanning for projects...
[INFO]                                                                         
[INFO] ------------------------------------------------------------------------
[INFO] Building Spark Project Unsafe 1.4.0-SNAPSHOT
[INFO] ------------------------------------------------------------------------
[INFO] 
[INFO] --- maven-enforcer-plugin:1.4:enforce (enforce-versions) @ spark-unsafe_2.10 ---
[INFO] 
[INFO] --- scala-maven-plugin:3.2.0:add-source (eclipse-add-source) @ spark-unsafe_2.10 ---
[INFO] Add Source directory: /Users/jeromenilmeier/Documents/spark_28may2015/spark/unsafe/src/main/scala
[INFO] Add Test Source directory: /Users/jeromenilmeier/Documents/spark_28may2015/spark/unsafe/src/test/scala
[INFO] 
[INFO] --- build-helper-maven-plugin:1.9.1:add-source (add-scala-sources) @ spark-unsafe_2.10 ---
[INFO] Source directory: /Users/jeromenilmeier/Documents/spark_28may2015/spark/unsafe/src/main/scala added.
[INFO] 
[INFO] --- maven-remote-resources-plugin:1.5:process (default) @ spark-unsafe_2.10 ---
[INFO] 
[INFO] --- maven-resources-plugin:2.6:resources (default-resources) @ spark-unsafe_2.10 ---
[INFO] Using 'UTF-8' encoding to copy filtered resources.
[INFO] skip non existing resourceDirectory /Users/jeromenilmeier/Documents/spark_28may2015/spark/unsafe/src/main/resources
[INFO] Copying 3 resources
[INFO] 
[INFO] --- scala-maven-plugin:3.2.0:compile (scala-compile-first) @ spark-unsafe_2.10 ---
[INFO] Using zinc server for incremental compilation
[INFO] compiler plugin: BasicArtifact(org.scalamacros,paradise_2.10.4,2.0.1,null)
[0m[[0minfo[0m] [0mCompiling 15 Java sources to /Users/jeromenilmeier/Documents/spark_28may2015/spark/unsafe/target/scala-2.10/classes...[0m
[0m[[0minfo[0m] [0mCompile success at Jun 1, 2015 9:27:40 AM [1.708s][0m
[INFO] 
[INFO] --- maven-compiler-plugin:3.3:compile (default-compile) @ spark-unsafe_2.10 ---
[INFO] Nothing to compile - all classes are up to date
[INFO] 
[INFO] --- build-helper-maven-plugin:1.9.1:add-test-source (add-scala-test-sources) @ spark-unsafe_2.10 ---
[INFO] Test Source directory: /Users/jeromenilmeier/Documents/spark_28may2015/spark/unsafe/src/test/scala added.
[INFO] 
[INFO] --- maven-resources-plugin:2.6:testResources (default-testResources) @ spark-unsafe_2.10 ---
[INFO] Using 'UTF-8' encoding to copy filtered resources.
[INFO] skip non existing resourceDirectory /Users/jeromenilmeier/Documents/spark_28may2015/spark/unsafe/src/test/resources
[INFO] Copying 3 resources
[INFO] 
[INFO] --- scala-maven-plugin:3.2.0:testCompile (scala-test-compile-first) @ spark-unsafe_2.10 ---
[INFO] Using zinc server for incremental compilation
[INFO] compiler plugin: BasicArtifact(org.scalamacros,paradise_2.10.4,2.0.1,null)
[0m[[0minfo[0m] [0mCompiling 7 Java sources to /Users/jeromenilmeier/Documents/spark_28may2015/spark/unsafe/target/scala-2.10/test-classes...[0m
[0m[[0minfo[0m] [0mCompile success at Jun 1, 2015 9:27:41 AM [0.866s][0m
[INFO] 
[INFO] --- maven-compiler-plugin:3.3:testCompile (default-testCompile) @ spark-unsafe_2.10 ---
[INFO] Nothing to compile - all classes are up to date
[INFO] 
[INFO] --- maven-dependency-plugin:2.10:build-classpath (default) @ spark-unsafe_2.10 ---
[INFO] Skipped writing classpath file '/Users/jeromenilmeier/Documents/spark_28may2015/spark/unsafe/target/spark-test-classpath.txt'.  No changes found.
[INFO] 
[INFO] --- gmavenplus-plugin:1.5:execute (default) @ spark-unsafe_2.10 ---
[INFO] Using Groovy 2.3.7 to perform execute.
[INFO] 
[INFO] --- maven-surefire-plugin:2.18.1:test (default-test) @ spark-unsafe_2.10 ---
[INFO] Surefire report directory: /Users/jeromenilmeier/Documents/spark_28may2015/spark/unsafe/target/surefire-reports

-------------------------------------------------------
 T E S T S
-------------------------------------------------------
Java HotSpot(TM) 64-Bit Server VM warning: ignoring option MaxPermSize=512m; support was removed in 8.0
Running org.apache.spark.unsafe.array.LongArraySuite
Tests run: 1, Failures: 0, Errors: 0, Skipped: 0, Time elapsed: 0.001 sec - in org.apache.spark.unsafe.array.LongArraySuite
Running org.apache.spark.unsafe.bitset.BitSetSuite
Tests run: 2, Failures: 0, Errors: 0, Skipped: 0, Time elapsed: 0 sec - in org.apache.spark.unsafe.bitset.BitSetSuite
Running org.apache.spark.unsafe.hash.Murmur3_x86_32Suite
Tests run: 5, Failures: 0, Errors: 0, Skipped: 0, Time elapsed: 0.206 sec - in org.apache.spark.unsafe.hash.Murmur3_x86_32Suite
Running org.apache.spark.unsafe.map.BytesToBytesMapOffHeapSuite
SLF4J: Failed to load class "org.slf4j.impl.StaticLoggerBinder".
SLF4J: Defaulting to no-operation (NOP) logger implementation
SLF4J: See http://www.slf4j.org/codes.html#StaticLoggerBinder for further details.
Tests run: 7, Failures: 0, Errors: 0, Skipped: 0, Time elapsed: 1.79 sec - in org.apache.spark.unsafe.map.BytesToBytesMapOffHeapSuite
Running org.apache.spark.unsafe.map.BytesToBytesMapOnHeapSuite
Tests run: 7, Failures: 0, Errors: 0, Skipped: 0, Time elapsed: 1.541 sec - in org.apache.spark.unsafe.map.BytesToBytesMapOnHeapSuite
Running org.apache.spark.unsafe.memory.TaskMemoryManagerSuite
Tests run: 4, Failures: 0, Errors: 0, Skipped: 0, Time elapsed: 0.002 sec - in org.apache.spark.unsafe.memory.TaskMemoryManagerSuite

Results :

Tests run: 26, Failures: 0, Errors: 0, Skipped: 0

[INFO] 
[INFO] --- scalatest-maven-plugin:1.0:test (test) @ spark-unsafe_2.10 ---
Java HotSpot(TM) 64-Bit Server VM warning: ignoring option MaxPermSize=512m; support was removed in 8.0
[36mDiscovery starting.[0m
[36mDiscovery completed in 57 milliseconds.[0m
[36mRun starting. Expected test count is: 0[0m
[32mDiscoverySuite:[0m
[36mRun completed in 113 milliseconds.[0m
[36mTotal number of tests run: 0[0m
[36mSuites: completed 1, aborted 0[0m
[36mTests: succeeded 0, failed 0, canceled 0, ignored 0, pending 0[0m
[33mNo tests were executed.[0m
[INFO] ------------------------------------------------------------------------
[INFO] BUILD SUCCESS
[INFO] ------------------------------------------------------------------------
[INFO] Total time: 9.952 s
[INFO] Finished at: 2015-06-01T09:27:47-07:00
[INFO] Final Memory: 37M/580M
[INFO] ------------------------------------------------------------------------
